0 info it worked if it ends with ok
1 verbose cli [ '/usr/bin/node',
1 verbose cli   '/usr/bin/npm',
1 verbose cli   'install',
1 verbose cli   '--save-dev',
1 verbose cli   'jquery.chosen' ]
2 info using npm@1.4.28
3 info using node@v0.10.33
4 verbose node symlink /usr/bin/node
5 warn package.json practica-validacion-formularios@ No repository field.
6 warn package.json chosen@0.0.2 No repository field.
7 verbose readDependencies using package.json deps
8 verbose cache add [ 'jquery.chosen', null ]
9 verbose cache add name=undefined spec="jquery.chosen" args=["jquery.chosen",null]
10 verbose parsed url { protocol: null,
10 verbose parsed url   slashes: null,
10 verbose parsed url   auth: null,
10 verbose parsed url   host: null,
10 verbose parsed url   port: null,
10 verbose parsed url   hostname: null,
10 verbose parsed url   hash: null,
10 verbose parsed url   search: null,
10 verbose parsed url   query: null,
10 verbose parsed url   pathname: 'jquery.chosen',
10 verbose parsed url   path: 'jquery.chosen',
10 verbose parsed url   href: 'jquery.chosen' }
11 silly lockFile 2c739099-jquery-chosen jquery.chosen
12 verbose lock jquery.chosen /home/syco/.npm/2c739099-jquery-chosen.lock
13 silly lockFile 2c739099-jquery-chosen jquery.chosen
14 silly lockFile 2c739099-jquery-chosen jquery.chosen
15 verbose addNamed [ 'jquery.chosen', '' ]
16 verbose addNamed [ null, '*' ]
17 silly lockFile 684c4627-jquery-chosen jquery.chosen@
18 verbose lock jquery.chosen@ /home/syco/.npm/684c4627-jquery-chosen.lock
19 silly addNameRange { name: 'jquery.chosen', range: '*', hasData: false }
20 verbose request where is /jquery.chosen
21 verbose request registry https://registry.npmjs.org/
22 verbose request id 89c64127cd041a8d
23 verbose url raw /jquery.chosen
24 verbose url resolving [ 'https://registry.npmjs.org/', './jquery.chosen' ]
25 verbose url resolved https://registry.npmjs.org/jquery.chosen
26 verbose request where is https://registry.npmjs.org/jquery.chosen
27 info trying registry request attempt 1 at 18:03:46
28 http GET https://registry.npmjs.org/jquery.chosen
29 http 404 https://registry.npmjs.org/jquery.chosen
30 verbose headers { date: 'Wed, 04 Feb 2015 17:03:46 GMT',
30 verbose headers   server: 'CouchDB/1.5.0 (Erlang OTP/R16B03)',
30 verbose headers   'content-type': 'application/json',
30 verbose headers   'cache-control': 'max-age=0',
30 verbose headers   'content-length': '52',
30 verbose headers   'accept-ranges': 'bytes',
30 verbose headers   via: '1.1 varnish',
30 verbose headers   age: '0',
30 verbose headers   'x-served-by': 'cache-ams4120-AMS',
30 verbose headers   'x-cache': 'MISS',
30 verbose headers   'x-cache-hits': '0',
30 verbose headers   'x-timer': 'S1423069426.494697,VS0,VE188',
30 verbose headers   'keep-alive': 'timeout=10, max=50',
30 verbose headers   connection: 'Keep-Alive' }
31 silly registry.get cb [ 404,
31 silly registry.get   { date: 'Wed, 04 Feb 2015 17:03:46 GMT',
31 silly registry.get     server: 'CouchDB/1.5.0 (Erlang OTP/R16B03)',
31 silly registry.get     'content-type': 'application/json',
31 silly registry.get     'cache-control': 'max-age=0',
31 silly registry.get     'content-length': '52',
31 silly registry.get     'accept-ranges': 'bytes',
31 silly registry.get     via: '1.1 varnish',
31 silly registry.get     age: '0',
31 silly registry.get     'x-served-by': 'cache-ams4120-AMS',
31 silly registry.get     'x-cache': 'MISS',
31 silly registry.get     'x-cache-hits': '0',
31 silly registry.get     'x-timer': 'S1423069426.494697,VS0,VE188',
31 silly registry.get     'keep-alive': 'timeout=10, max=50',
31 silly registry.get     connection: 'Keep-Alive' } ]
32 silly lockFile 684c4627-jquery-chosen jquery.chosen@
33 silly lockFile 684c4627-jquery-chosen jquery.chosen@
34 error 404 404 Not Found: jquery.chosen
34 error 404
34 error 404 'jquery.chosen' is not in the npm registry.
34 error 404 You should bug the author to publish it
34 error 404 It was specified as a dependency of 'practica-validacion-formularios'
34 error 404
34 error 404 Note that you can also install from a
34 error 404 tarball, folder, or http url, or git url.
35 error System Linux 3.13.0-43-generic
36 error command "/usr/bin/node" "/usr/bin/npm" "install" "--save-dev" "jquery.chosen"
37 error cwd /home/syco/DWEC/tarea/practica-validacion-formularios
38 error node -v v0.10.33
39 error npm -v 1.4.28
40 error code E404
41 verbose exit [ 1, true ]
